This is pdfTeX, Version 3.141592653-2.6-1.40.25 (MiKTeX 23.4) (preloaded format=pdflatex 2023.4.24)  3 MAY 2023 20:10
entering extended mode
 restricted \write18 enabled.
 %&-line parsing enabled.
**./hauptdatei.tex
(hauptdatei.tex
LaTeX2e <2022-11-01> patch level 1
L3 programming layer <2023-03-30> (zentraleBausteine.tex
(C:\Users\Hannes\AppData\Local\Programs\MiKTeX\tex/latex/base\article.cls
Document Class: article 2022/07/02 v1.4n Standard LaTeX document class
(C:\Users\Hannes\AppData\Local\Programs\MiKTeX\tex/latex/base\size12.clo
File: size12.clo 2022/07/02 v1.4n Standard LaTeX file (size option)
)
\c@part=\count185
\c@section=\count186
\c@subsection=\count187
\c@subsubsection=\count188
\c@paragraph=\count189
\c@subparagraph=\count190
\c@figure=\count191
\c@table=\count192
\abovecaptionskip=\skip48
\belowcaptionskip=\skip49
\bibindent=\dimen140
)
(C:\Users\Hannes\AppData\Local\Programs\MiKTeX\tex/latex/geometry\geometry.sty
Package: geometry 2020/01/02 v5.9 Page Geometry

(C:\Users\Hannes\AppData\Local\Programs\MiKTeX\tex/latex/graphics\keyval.sty
Package: keyval 2022/05/29 v1.15 key=value parser (DPC)
\KV@toks@=\toks16
)
(C:\Users\Hannes\AppData\Local\Programs\MiKTeX\tex/generic/iftex\ifvtex.sty
Package: ifvtex 2019/10/25 v1.7 ifvtex legacy package. Use iftex instead.

(C:\Users\Hannes\AppData\Local\Programs\MiKTeX\tex/generic/iftex\iftex.sty
Package: iftex 2022/02/03 v1.0f TeX engine tests
))
\Gm@cnth=\count193
\Gm@cntv=\count194
\c@Gm@tempcnt=\count195
\Gm@bindingoffset=\dimen141
\Gm@wd@mp=\dimen142
\Gm@odd@mp=\dimen143
\Gm@even@mp=\dimen144
\Gm@layoutwidth=\dimen145
\Gm@layoutheight=\dimen146
\Gm@layouthoffset=\dimen147
\Gm@layoutvoffset=\dimen148
\Gm@dimlist=\toks17

(C:\Users\Hannes\AppData\Local\Programs\MiKTeX\tex/latex/geometry\geometry.cfg)
) (C:\Users\Hannes\AppData\Local\Programs\MiKTeX\tex/generic/babel\babel.sty
Package: babel 2023/03/28 3.87 The Babel package
\babel@savecnt=\count196
\U@D=\dimen149
\l@unhyphenated=\language79

(C:\Users\Hannes\AppData\Local\Programs\MiKTeX\tex/generic/babel\txtbabel.def)
\bbl@readstream=\read2
\bbl@dirlevel=\count197

*************************************
* Local config file bblopts.cfg used
*
(C:\Users\Hannes\AppData\Local\Programs\MiKTeX\tex/latex/arabi\bblopts.cfg
File: bblopts.cfg 2005/09/08 v0.1 add Arabic and Farsi to "declared" options of
 babel
)
(C:\Users\Hannes\AppData\Local\Programs\MiKTeX\tex/latex/babel-german\ngerman.l
df
Language: ngerman 2021/02/27 v2.13 German support for babel (post-1996 orthogra
phy)

(C:\Users\Hannes\AppData\Local\Programs\MiKTeX\tex/latex/babel-german\ngermanb.
ldf
Language: ngermanb 2021/02/27 v2.13 German support for babel (post-1996 orthogr
aphy)
Package babel Info: Making " an active character on input line 122.
)))
(C:\Users\Hannes\AppData\Local\Programs\MiKTeX\tex/generic/babel/locale/de\babe
l-ngerman.tex
Package babel Info: Importing font and identification data for ngerman
(babel)             from babel-de.ini. Reported on input line 11.
)
(C:\Users\Hannes\AppData\Local\Programs\MiKTeX\tex/latex/base\fontenc.sty
Package: fontenc 2021/04/29 v2.0v Standard LaTeX package
)
(C:\Users\Hannes\AppData\Local\Programs\MiKTeX\tex/latex/booktabs\booktabs.sty
Package: booktabs 2020/01/12 v1.61803398 Publication quality tables
\heavyrulewidth=\dimen150
\lightrulewidth=\dimen151
\cmidrulewidth=\dimen152
\belowrulesep=\dimen153
\belowbottomsep=\dimen154
\aboverulesep=\dimen155
\abovetopsep=\dimen156
\cmidrulesep=\dimen157
\cmidrulekern=\dimen158
\defaultaddspace=\dimen159
\@cmidla=\count198
\@cmidlb=\count199
\@aboverulesep=\dimen160
\@belowrulesep=\dimen161
\@thisruleclass=\count266
\@lastruleclass=\count267
\@thisrulewidth=\dimen162
) (C:\Users\Hannes\AppData\Local\Programs\MiKTeX\tex/latex/multirow\multirow.st
y
Package: multirow 2021/03/15 v2.8 Span multiple rows of a table
\multirow@colwidth=\skip50
\multirow@cntb=\count268
\multirow@dima=\skip51
\bigstrutjot=\dimen163
)
(C:\Users\Hannes\AppData\Local\Programs\MiKTeX\tex/latex/graphics\graphicx.sty
Package: graphicx 2021/09/16 v1.2d Enhanced LaTeX Graphics (DPC,SPQR)

(C:\Users\Hannes\AppData\Local\Programs\MiKTeX\tex/latex/graphics\graphics.sty
Package: graphics 2022/03/10 v1.4e Standard LaTeX Graphics (DPC,SPQR)

(C:\Users\Hannes\AppData\Local\Programs\MiKTeX\tex/latex/graphics\trig.sty
Package: trig 2021/08/11 v1.11 sin cos tan (DPC)
)
(C:\Users\Hannes\AppData\Local\Programs\MiKTeX\tex/latex/graphics-cfg\graphics.
cfg
File: graphics.cfg 2016/06/04 v1.11 sample graphics configuration
)
Package graphics Info: Driver file: pdftex.def on input line 107.

(C:\Users\Hannes\AppData\Local\Programs\MiKTeX\tex/latex/graphics-def\pdftex.de
f
File: pdftex.def 2022/09/22 v1.2b Graphics/color driver for pdftex
))
\Gin@req@height=\dimen164
\Gin@req@width=\dimen165
))
(C:\Users\Hannes\AppData\Local\Programs\MiKTeX\tex/latex/l3backend\l3backend-pd
ftex.def
File: l3backend-pdftex.def 2023-03-30 L3 backend support: PDF output (pdfTeX)
\l__color_backend_stack_int=\count269
\l__pdf_internal_box=\box51
) (hauptdatei.aux)
\openout1 = `hauptdatei.aux'.

LaTeX Font Info:    Checking defaults for OML/cmm/m/it on input line 3.
LaTeX Font Info:    ... okay on input line 3.
LaTeX Font Info:    Checking defaults for OMS/cmsy/m/n on input line 3.
LaTeX Font Info:    ... okay on input line 3.
LaTeX Font Info:    Checking defaults for OT1/cmr/m/n on input line 3.
LaTeX Font Info:    ... okay on input line 3.
LaTeX Font Info:    Checking defaults for T1/cmr/m/n on input line 3.
LaTeX Font Info:    ... okay on input line 3.
LaTeX Font Info:    Checking defaults for TS1/cmr/m/n on input line 3.
LaTeX Font Info:    ... okay on input line 3.
LaTeX Font Info:    Checking defaults for OMX/cmex/m/n on input line 3.
LaTeX Font Info:    ... okay on input line 3.
LaTeX Font Info:    Checking defaults for U/cmr/m/n on input line 3.
LaTeX Font Info:    ... okay on input line 3.

*geometry* driver: auto-detecting
*geometry* detected driver: pdftex
*geometry* verbose mode - [ preamble ] result:
* driver: pdftex
* paper: a4paper
* layout: <same size as paper>
* layoutoffset:(h,v)=(0.0pt,0.0pt)
* modes: 
* h-part:(L,W,R)=(28.45274pt, 540.60239pt, 28.45274pt)
* v-part:(T,H,B)=(56.9055pt, 731.23584pt, 56.9055pt)
* \paperwidth=597.50787pt
* \paperheight=845.04684pt
* \textwidth=540.60239pt
* \textheight=731.23584pt
* \oddsidemargin=-43.81725pt
* \evensidemargin=-43.81725pt
* \topmargin=-52.36449pt
* \headheight=12.0pt
* \headsep=25.0pt
* \topskip=12.0pt
* \footskip=30.0pt
* \marginparwidth=35.0pt
* \marginparsep=10.0pt
* \columnsep=10.0pt
* \skip\footins=10.8pt plus 4.0pt minus 2.0pt
* \hoffset=0.0pt
* \voffset=0.0pt
* \mag=1000
* \@twocolumnfalse
* \@twosidefalse
* \@mparswitchfalse
* \@reversemarginfalse
* (1in=72.27pt=25.4mm, 1cm=28.453pt)


(C:\Users\Hannes\AppData\Local\Programs\MiKTeX\tex/context/base/mkii\supp-pdf.m
kii
[Loading MPS to PDF converter (version 2006.09.02).]
\scratchcounter=\count270
\scratchdimen=\dimen166
\scratchbox=\box52
\nofMPsegments=\count271
\nofMParguments=\count272
\everyMPshowfont=\toks18
\MPscratchCnt=\count273
\MPscratchDim=\dimen167
\MPnumerator=\count274
\makeMPintoPDFobject=\count275
\everyMPtoPDFconversion=\toks19
)
(C:\Users\Hannes\AppData\Local\Programs\MiKTeX\tex/latex/epstopdf-pkg\epstopdf-
base.sty
Package: epstopdf-base 2020-01-24 v2.11 Base part for package epstopdf
Package epstopdf-base Info: Redefining graphics rule for `.eps' on input line 4
85.

(C:\Users\Hannes\AppData\Local\Programs\MiKTeX\tex/latex/00miktex\epstopdf-sys.
cfg
File: epstopdf-sys.cfg 2021/03/18 v2.0 Configuration of epstopdf for MiKTeX
))
LaTeX Font Info:    External font `cmex10' loaded for size
(Font)              <14.4> on input line 5.
LaTeX Font Info:    External font `cmex10' loaded for size
(Font)              <7> on input line 5.
 (hauptdatei.toc
LaTeX Font Info:    External font `cmex10' loaded for size
(Font)              <12> on input line 3.
LaTeX Font Info:    External font `cmex10' loaded for size
(Font)              <8> on input line 3.
LaTeX Font Info:    External font `cmex10' loaded for size
(Font)              <6> on input line 3.
)
\tf@toc=\write3
\openout3 = `hauptdatei.toc'.

 [1

{C:/Users/Hannes/AppData/Local/MiKTeX/fonts/map/pdftex/pdftex.map}] (stundenpro
tokolle/teammeetings.tex
Underfull \hbox (badness 10000) in paragraph at lines 16--31

 []


Underfull \hbox (badness 10000) in paragraph at lines 33--50

 []

[2]
Underfull \hbox (badness 10000) in paragraph at lines 52--67

 []


Underfull \hbox (badness 10000) in paragraph at lines 52--67

 []

)
Underfull \hbox (badness 10000) in paragraph at lines 69--13

 []


Underfull \hbox (badness 10000) in paragraph at lines 69--13

 []


Underfull \hbox (badness 10000) in paragraph at lines 69--13

 []

[3] [4] (stundenprotokolle/timturowskistunden.tex)
(stundenprotokolle/carnerkarastunden.tex)
(stundenprotokolle/svenwolfstunden.tex)
(stundenprotokolle/dennisbehrendtstunden.tex
! Misplaced \noalign.
\hline ->\noalign 
                  {\ifnum 0=`}\fi \hrule \@height \arrayrulewidth \futurelet...
l.13 \hline
           
I expect to see \noalign only after the \cr of
an alignment. Proceed, and I'll ignore this case.

! You can't use `\hrule' here except with leaders.
\hline ->\noalign {\ifnum 0=`}\fi \hrule 
                                         \@height \arrayrulewidth \futurelet...
l.13 \hline
           
To put a horizontal rule in an hbox or an alignment,
you should use \leaders or \hrulefill (see The TeXbook).

! Missing number, treated as zero.
<to be read again> 
                   \futurelet 
l.13 \hline
           
A number should have been here; I inserted `0'.
(If you can't figure out why I needed to see a number,
look up `weird error' in the index to The TeXbook.)

! Illegal unit of measure (pt inserted).
<to be read again> 
                   \futurelet 
l.13 \hline
           
Dimensions can be in units of em, ex, in, pt, pc,
cm, mm, dd, cc, nd, nc, bp, or sp; but yours is a new one!
I'll assume that you meant to say pt, for printer's points.
To recover gracefully from this error, it's best to
delete the erroneous units; e.g., type `2' to delete
two letters. (See Chapter 27 of The TeXbook.)

)
Overfull \hbox (3321.84758pt too wide) in paragraph at lines 1--27
[]
 []


Underfull \hbox (badness 10000) in paragraph at lines 1--27

 []

(stundenprotokolle/timsilbumstunden.tex)
Overfull \hbox (174.30673pt too wide) in paragraph at lines 1--30
[]
 []


Underfull \hbox (badness 10000) in paragraph at lines 1--30

 []

(stundenprotokolle/hannesschererstunden.tex) [5] (pflichtenheft.tex
! Missing number, treated as zero.
<to be read again> 
                   \c@1 
l.7 \Roman{1}
              . Interne Teileverwaltung durch das Pflegen einer Datenbank ü...
A number should have been here; I inserted `0'.
(If you can't figure out why I needed to see a number,
look up `weird error' in the index to The TeXbook.)

! Missing number, treated as zero.
<to be read again> 
                   \c@2 
l.8 \Roman{2}
              . Die PDF-Bauanleitungen der Lego-Sets sollen mit OCR auslesba...
A number should have been here; I inserted `0'.
(If you can't figure out why I needed to see a number,
look up `weird error' in the index to The TeXbook.)

! Missing number, treated as zero.
<to be read again> 
                   \c@3 
l.9 \Roman{3}
              . Ein Crawler bezieht die Preise der unterschiedlichen Händle...
A number should have been here; I inserted `0'.
(If you can't figure out why I needed to see a number,
look up `weird error' in the index to The TeXbook.)

! Missing number, treated as zero.
<to be read again> 
                   \c@4 
l.10 \Roman{4}
               . Ein Preisvergleich unter den Händlern, im Bezug auf Kauf e...
A number should have been here; I inserted `0'.
(If you can't figure out why I needed to see a number,
look up `weird error' in the index to The TeXbook.)

! Missing number, treated as zero.
<to be read again> 
                   \c@5 
l.11 \Roman{5}
               . Darstellung des Tools als graphische Oberfläche. (Startsei...
A number should have been here; I inserted `0'.
(If you can't figure out why I needed to see a number,
look up `weird error' in the index to The TeXbook.)

! Missing number, treated as zero.
<to be read again> 
                   \c@6 
l.12 \Roman{6}
               . Es soll möglich sein Benutzeraccounts anzulegen und diese ...
A number should have been here; I inserted `0'.
(If you can't figure out why I needed to see a number,
look up `weird error' in the index to The TeXbook.)

! Missing number, treated as zero.
<to be read again> 
                   \c@7 
l.13 \Roman{7}
               . Drei feste Händler sollen beim Vergleich berücksichtigt w...
A number should have been here; I inserted `0'.
(If you can't figure out why I needed to see a number,
look up `weird error' in the index to The TeXbook.)

! Missing number, treated as zero.
<to be read again> 
                   \c@8 
l.14 \Roman{8}
               . Der Warenkorb soll automatisch befüllt werden. \newline
A number should have been here; I inserted `0'.
(If you can't figure out why I needed to see a number,
look up `weird error' in the index to The TeXbook.)

! Missing number, treated as zero.
<to be read again> 
                   \c@9 
l.15 \Roman{9}
               . Auf nicht verfügbare Einzelteile sollte hinreichend hingew...
A number should have been here; I inserted `0'.
(If you can't figure out why I needed to see a number,
look up `weird error' in the index to The TeXbook.)

! Missing number, treated as zero.
<to be read again> 
                   \c@10 
l.16 \Roman{10}
                . Die Lieferkosten sollen beim Preisvergleich berücksichtig...
A number should have been here; I inserted `0'.
(If you can't figure out why I needed to see a number,
look up `weird error' in the index to The TeXbook.)

! Missing number, treated as zero.
<to be read again> 
                   \c@11 
l.17 \Roman{11}
                . Bei der Ausgabe des Vergleichs soll eine Verlinkung zum Pr...
A number should have been here; I inserted `0'.
(If you can't figure out why I needed to see a number,
look up `weird error' in the index to The TeXbook.)


Underfull \hbox (badness 10000) in paragraph at lines 7--18

 []


Underfull \hbox (badness 10000) in paragraph at lines 21--30

 []


Underfull \hbox (badness 10000) in paragraph at lines 32--37

 []

[6]
Underfull \hbox (badness 10000) in paragraph at lines 39--41

 []


Underfull \hbox (badness 10000) in paragraph at lines 43--49

 []


Underfull \hbox (badness 10000) in paragraph at lines 53--55

 []


Underfull \hbox (badness 10000) in paragraph at lines 57--61

 []

<pictures/chen1.png, id=26, 695.59875pt x 320.99925pt>
File: pictures/chen1.png Graphic file (type png)
<use pictures/chen1.png>
Package pdftex.def Info: pictures/chen1.png  used on input line 68.
(pdftex.def)             Requested size: 227.62204pt x 105.03862pt.
<pictures/klassendiagramm2.png, id=28, 665.48625pt x 194.52675pt>
File: pictures/klassendiagramm2.png Graphic file (type png)
<use pictures/klassendiagramm2.png>
Package pdftex.def Info: pictures/klassendiagramm2.png  used on input line 69.
(pdftex.def)             Requested size: 227.62204pt x 66.53299pt.
<pictures/klassendiagramm.png, id=29, 862.72313pt x 403.5075pt>
File: pictures/klassendiagramm.png Graphic file (type png)
<use pictures/klassendiagramm.png>
Package pdftex.def Info: pictures/klassendiagramm.png  used on input line 70.
(pdftex.def)             Requested size: 227.62204pt x 106.46104pt.

Underfull \hbox (badness 10000) in paragraph at lines 63--71

 []


Underfull \hbox (badness 10000) in paragraph at lines 63--71

 []


Underfull \hbox (badness 10000) in paragraph at lines 63--71

 []

[7]
Underfull \hbox (badness 10000) in paragraph at lines 73--77

 []


Underfull \hbox (badness 10000) in paragraph at lines 79--81

 []

<pictures/skizzeausgabe.jpg, id=34, 930.47626pt x 958.58125pt>
File: pictures/skizzeausgabe.jpg Graphic file (type jpg)
<use pictures/skizzeausgabe.jpg>
Package pdftex.def Info: pictures/skizzeausgabe.jpg  used on input line 83.
(pdftex.def)             Requested size: 227.62204pt x 234.49611pt.
<pictures/programmvorschau1.png, id=35, 408.3255pt x 230.0595pt>
File: pictures/programmvorschau1.png Graphic file (type png)
<use pictures/programmvorschau1.png>
Package pdftex.def Info: pictures/programmvorschau1.png  used on input line 84.

(pdftex.def)             Requested size: 227.62204pt x 128.2497pt.
<pictures/programmvorschau2.png, id=36, 419.166pt x 248.127pt>
File: pictures/programmvorschau2.png Graphic file (type png)
<use pictures/programmvorschau2.png>
Package pdftex.def Info: pictures/programmvorschau2.png  used on input line 85.

(pdftex.def)             Requested size: 227.62204pt x 134.74379pt.
<pictures/programmvorschau3.png, id=37, 1450.6697pt x 801.74532pt>
File: pictures/programmvorschau3.png Graphic file (type png)
<use pictures/programmvorschau3.png>
Package pdftex.def Info: pictures/programmvorschau3.png  used on input line 86.

(pdftex.def)             Requested size: 227.62204pt x 125.79843pt.

Underfull \hbox (badness 10000) in paragraph at lines 83--87

 []


Underfull \hbox (badness 10000) in paragraph at lines 83--87

 []

[8 <./pictures/chen1.png> <./pictures/klassendiagramm2.png> <./pictures/klassen
diagramm.png>]
Underfull \hbox (badness 10000) in paragraph at lines 89--94

 []


Underfull \hbox (badness 10000) in paragraph at lines 96--106

 []

[9 <./pictures/skizzeausgabe.jpg> <./pictures/programmvorschau1.png> <./picture
s/programmvorschau2.png> <./pictures/programmvorschau3.png>]
<pictures/datenbankupdate.png, id=50, 459.51675pt x 224.037pt>
File: pictures/datenbankupdate.png Graphic file (type png)
<use pictures/datenbankupdate.png>
Package pdftex.def Info: pictures/datenbankupdate.png  used on input line 113.
(pdftex.def)             Requested size: 227.62204pt x 110.97556pt.
<pictures/vorgaenge.png, id=51, 554.67226pt x 458.9145pt>
File: pictures/vorgaenge.png Graphic file (type png)
<use pictures/vorgaenge.png>
Package pdftex.def Info: pictures/vorgaenge.png  used on input line 114.
(pdftex.def)             Requested size: 227.62204pt x 188.32422pt.

Underfull \hbox (badness 10000) in paragraph at lines 108--115

 []


Underfull \hbox (badness 10000) in paragraph at lines 118--120

 []

)
Underfull \hbox (badness 10000) in paragraph at lines 122--37

 []

[10 <./pictures/datenbankupdate.png> <./pictures/vorgaenge.png>] [11]
(hauptdatei.aux) ) 
Here is how much of TeX's memory you used:
 3455 strings out of 476331
 59564 string characters out of 5787293
 1864660 words of memory out of 5000000
 23833 multiletter control sequences out of 15000+600000
 521336 words of font info for 51 fonts, out of 8000000 for 9000
 1141 hyphenation exceptions out of 8191
 62i,6n,65p,360b,196s stack positions out of 10000i,1000n,20000p,200000b,200000s
 <C:\Users\Hannes\AppData\Local\MiKTeX\fonts/pk/ljfour/jknapp
en/ec/dpi600\ecbx1440.pk> <C:\Users\Hannes\AppData\Local\MiKTeX\fonts/pk/ljfour
/jknappen/ec/dpi600\ecrm1200.pk> <C:\Users\Hannes\AppData\Local\MiKTeX\fonts/pk
/ljfour/jknappen/ec/dpi600\ecbx1200.pk> <C:\Users\Hannes\AppData\Local\MiKTeX\f
onts/pk/ljfour/jknappen/ec/dpi600\ecbx1728.pk> <C:\Users\Hannes\AppData\Local\M
iKTeX\fonts/pk/ljfour/jknappen/ec/dpi600\ecrm1440.pk> <C:\Users\Hannes\AppData\
Local\MiKTeX\fonts/pk/ljfour/jknappen/ec/dpi600\ecrm2074.pk>
Output written on hauptdatei.pdf (11 pages, 4493167 bytes).
PDF statistics:
 309 PDF objects out of 1000 (max. 8388607)
 0 named destinations out of 1000 (max. 500000)
 46 words of extra memory for PDF output out of 10000 (max. 10000000)

